{
  "RSpec": {
    "coverage": {
      "/Users/Tadd/src/kuali/GildedRose-Refactoring-Kata/ruby/gilded_rose.rb": [
        1,
        null,
        1,
        13,
        null,
        null,
        1,
        13,
        13,
        null,
        3,
        null,
        2,
        null,
        4,
        null,
        4,
        null,
        null,
        null,
        null,
        1,
        1,
        13,
        null,
        null,
        null,
        1,
        1,
        4,
        4,
        null,
        4,
        4,
        4,
        null,
        null,
        null,
        1,
        1,
        2,
        null,
        null,
        null,
        1,
        1,
        3,
        3,
        null,
        3,
        1,
        null,
        null,
        null,
        null,
        1,
        1,
        4,
        4,
        null,
        4,
        2,
        null,
        null,
        null,
        null,
        1,
        null,
        null,
        null,
        null,
        null,
        null,
        null,
        1,
        1,
        null,
        1,
        14,
        14,
        14,
        null,
        null,
        1,
        1,
        null,
        null
      ]
    },
    "timestamp": 1430935426
  }
}
